[14:11:46] [INIT] KubeJS 2001.6.5-build.16; MC 2001 forge
[14:11:46] [INIT] Loaded plugins:
[14:11:46] [INIT] - dev.latvian.mods.kubejs.forge.BuiltinKubeJSForgePlugin
[14:11:46] [INIT] - dev.latvian.mods.kubejs.forge.BuiltinKubeJSForgeClientPlugin
[14:11:46] [INIT] - thedarkcolour.exdeorum.compat.kubejs.ExDeorumKubeJsPlugin
[14:11:46] [INIT] - com.almostreliable.kubeio.kube.KubePlugin
[14:11:46] [INIT] - dev.ftb.mods.ftbxmodcompat.ftbquests.kubejs.KubeJSIntegration
[14:11:46] [INIT] - dev.ftb.mods.ftbxmodcompat.ftbchunks.kubejs.FTBChunksKubeJSPlugin
[14:11:46] [INIT] - dev.ftb.mods.ftbxmodcompat.ftbteams.kubejs.FTBTeamsKubeJSPlugin
[14:11:46] [INIT] - com.blakebr0.cucumber.compat.kubejs.CucumberKubeJSPlugin
[14:11:46] [INIT] - com.almostreliable.summoningrituals.compat.kubejs.AlmostKube
[14:11:46] [INIT] - com.almostreliable.ponderjs.PonderJSPlugin
[14:11:46] [INFO] jei_add.js#1: Loaded Java class 'sonar.fluxnetworks.client.jei.CreatingFluxRecipe'
[14:11:46] [INFO] jei_add.js#2: Loaded Java class 'sonar.fluxnetworks.client.jei.CreatingFluxRecipeCategory'
[14:11:46] [INFO] Loaded script client_scripts:jei_add.js in 0.011 s
[14:11:46] [INFO] Loaded script client_scripts:jei_categories.js in 0.0 s
[14:11:46] [INFO] Loaded script client_scripts:jei_hide.js in 0.007 s
[14:11:46] [INFO] Loaded script client_scripts:jei_info.js in 0.001 s
[14:11:46] [INFO] Loaded script client_scripts:ponder/corail.js in 0.009 s
[14:11:46] [INFO] Loaded script client_scripts:ponder/fission_mek.js in 0.006 s
[14:11:46] [INFO] Loaded script client_scripts:ponder/fission_mek_fuelrod.js in 0.004 s
[14:11:46] [INFO] Loaded script client_scripts:ponder/fission_mek_logic.js in 0.004 s
[14:11:46] [INFO] Loaded script client_scripts:ponder/fission_mek_port.js in 0.001 s
[14:11:46] [INFO] Loaded script client_scripts:ponder/fusion_activate.js in 0.003 s
[14:11:46] [INFO] Loaded script client_scripts:ponder/fusion_reactor.js in 0.002 s
[14:11:46] [INFO] Loaded script client_scripts:ponder/induction_mek.js in 0.006 s
[14:11:46] [INFO] Loaded script client_scripts:ponder/pylons.js in 0.005 s
[14:11:46] [INFO] Loaded script client_scripts:ponder/sps.js in 0.002 s
[14:11:46] [INFO] Loaded script client_scripts:ponder/turbine_mek.js in 0.004 s
[14:11:46] [INFO] Loaded script client_scripts:tooltips.js in 0.003 s
[14:11:46] [INFO] Loaded 16/16 KubeJS client scripts in 0.142 s with 0 errors and 0 warnings
[14:12:11] [INFO] Client resource reload complete!
